[2025-01-11 12:01:08.101] [INFO] Starting SteamCMD...
[2025-01-11 12:01:11.158] [INFO] SteamCMD: Steam Console Client (c) Valve Corporation - version 1733269577
[2025-01-11 12:01:11.161] [INFO] SteamCMD: -- type 'quit' to exit --
[2025-01-11 12:01:11.164] [INFO] SteamCMD: Loading Steam API...OK
[2025-01-11 12:01:14.773] [INFO] SteamCMD: Connecting anonymously to Steam Public...OK
[2025-01-11 12:01:14.777] [INFO] SteamCMD: Waiting for client config...OK
[2025-01-11 12:01:14.799] [INFO] SteamCMD: Waiting for user info...OK
[2025-01-11 12:01:18.844] [INFO] SteamCMD: Downloading item 3378285185 ...
[2025-01-11 12:01:22.873] [INFO] SteamCMD: Success. Downloaded item 3378285185 to "A:\steamcmd\steamapps\workshop\content\108600\3378285185" (293564 bytes) Downloading item 3171167894 ...
[2025-01-11 12:01:22.876] [INFO] SteamCMD: Success. Downloaded item 3171167894 to "A:\steamcmd\steamapps\workshop\content\108600\3171167894" (21005521 bytes) @ShutdownOnFailedCommand 0
[2025-01-11 12:01:22.879] [INFO] SteamCMD: "@ShutdownOnFailedCommand" = "0"
[2025-01-11 12:01:22.881] [INFO] SteamCMD: @NoPromptForPassword 1
[2025-01-11 12:01:22.883] [INFO] SteamCMD: "@NoPromptForPassword" = "1"
[2025-01-11 12:01:22.887] [INFO] SteamCMD: force_install_dir ./
[2025-01-11 12:01:22.890] [INFO] SteamCMD: Please set the game install path to something other than the Steam install folder
[2025-01-11 12:01:22.893] [INFO] SteamCMD: bVerifyAllDownloads 1
[2025-01-11 12:01:22.897] [INFO] SteamCMD: "bVerifyAllDownloads" = "1"
[2025-01-11 12:01:22.900] [INFO] SteamCMD: workshop_download_item 108600 3378285185
[2025-01-11 12:01:22.903] [INFO] SteamCMD: workshop_download_item 108600 3171167894
[2025-01-11 12:01:22.907] [INFO] Processing mod 3171167894...
[2025-01-11 12:01:23.410] [INFO] Mod 3171167894 installed successfully
[2025-01-11 12:01:23.416] [INFO] Processing mod 3378285185...
[2025-01-11 12:01:23.491] [INFO] Mod 3378285185 installed successfully
[2025-01-11 12:02:13.120] [INFO] Starting SteamCMD...
[2025-01-11 12:02:14.182] [INFO] SteamCMD: Steam Console Client (c) Valve Corporation - version 1733269577
[2025-01-11 12:02:14.186] [INFO] SteamCMD: -- type 'quit' to exit --
[2025-01-11 12:02:14.188] [INFO] SteamCMD: Loading Steam API...OK
[2025-01-11 12:02:16.798] [INFO] SteamCMD: Connecting anonymously to Steam Public...OK
[2025-01-11 12:02:16.802] [INFO] SteamCMD: Waiting for client config...OK
[2025-01-11 12:02:16.824] [INFO] SteamCMD: Waiting for user info...OK
[2025-01-11 12:02:18.824] [INFO] SteamCMD: Downloading item 2699828474 ...
[2025-01-11 12:02:20.473] [INFO] SteamCMD: Success. Downloaded item 2699828474 to "A:\steamcmd\steamapps\workshop\content\108600\2699828474" (572455 bytes) Downloading item 3381815115 ...
[2025-01-11 12:02:20.477] [INFO] SteamCMD: Success. Downloaded item 3381815115 to "A:\steamcmd\steamapps\workshop\content\108600\3381815115" (1676229 bytes) @ShutdownOnFailedCommand 0
[2025-01-11 12:02:20.481] [INFO] SteamCMD: "@ShutdownOnFailedCommand" = "0"
[2025-01-11 12:02:20.486] [INFO] SteamCMD: @NoPromptForPassword 1
[2025-01-11 12:02:20.489] [INFO] SteamCMD: "@NoPromptForPassword" = "1"
[2025-01-11 12:02:20.493] [INFO] SteamCMD: force_install_dir ./
[2025-01-11 12:02:20.497] [INFO] SteamCMD: Please set the game install path to something other than the Steam install folder
[2025-01-11 12:02:20.497] [INFO] Processing mod 2699828474...
[2025-01-11 12:02:20.511] [INFO] Mod 2699828474 installed successfully
[2025-01-11 12:02:20.514] [INFO] Processing mod 3171167894...
[2025-01-11 12:02:20.984] [INFO] Mod 3171167894 installed successfully
[2025-01-11 12:02:20.987] [INFO] Processing mod 3378285185...
[2025-01-11 12:02:21.067] [INFO] Mod 3378285185 installed successfully
[2025-01-11 12:02:21.070] [INFO] Processing mod 3381815115...
[2025-01-11 12:02:21.098] [INFO] Mod 3381815115 installed successfully
[2025-01-11 12:03:00.994] [INFO] Starting SteamCMD...
[2025-01-11 12:03:02.015] [INFO] SteamCMD: Steam Console Client (c) Valve Corporation - version 1733269577
[2025-01-11 12:03:02.019] [INFO] SteamCMD: -- type 'quit' to exit --
[2025-01-11 12:03:02.566] [INFO] SteamCMD: Loading Steam API...OK
[2025-01-11 12:03:04.835] [INFO] SteamCMD: Connecting anonymously to Steam Public...OK
[2025-01-11 12:03:04.838] [INFO] SteamCMD: Waiting for client config...OK
[2025-01-11 12:03:04.860] [INFO] SteamCMD: Waiting for user info...OK
[2025-01-11 12:03:07.471] [INFO] SteamCMD: Downloading item 2699828474 ...
[2025-01-11 12:03:09.303] [INFO] SteamCMD: Success. Downloaded item 2699828474 to "A:\steamcmd\steamapps\workshop\content\108600\2699828474" (572455 bytes) Downloading item 3381815115 ...
[2025-01-11 12:03:09.308] [INFO] SteamCMD: Success. Downloaded item 3381815115 to "A:\steamcmd\steamapps\workshop\content\108600\3381815115" (1676229 bytes) @ShutdownOnFailedCommand 0
[2025-01-11 12:03:09.311] [INFO] SteamCMD: "@ShutdownOnFailedCommand" = "0"
[2025-01-11 12:03:09.314] [INFO] SteamCMD: @NoPromptForPassword 1
[2025-01-11 12:03:09.317] [INFO] SteamCMD: "@NoPromptForPassword" = "1"
[2025-01-11 12:03:09.320] [INFO] SteamCMD: force_install_dir ./
[2025-01-11 12:03:09.324] [INFO] SteamCMD: Please set the game install path to something other than the Steam install folder
[2025-01-11 12:03:09.327] [INFO] SteamCMD: bVerifyAllDownloads 1
[2025-01-11 12:03:09.327] [INFO] Processing mod 2699828474...
[2025-01-11 12:03:09.341] [INFO] Mod 2699828474 installed successfully
[2025-01-11 12:03:09.346] [INFO] Processing mod 3381815115...
[2025-01-11 12:03:09.375] [INFO] Mod 3381815115 installed successfully
[2025-01-11 12:03:26.033] [INFO] Starting SteamCMD...
[2025-01-11 12:03:27.066] [INFO] SteamCMD: Steam Console Client (c) Valve Corporation - version 1733269577
[2025-01-11 12:03:27.070] [INFO] SteamCMD: -- type 'quit' to exit --
[2025-01-11 12:03:27.072] [INFO] SteamCMD: Loading Steam API...OK
[2025-01-11 12:03:29.781] [INFO] SteamCMD: Connecting anonymously to Steam Public...OK
[2025-01-11 12:03:29.787] [INFO] SteamCMD: Waiting for client config...OK
[2025-01-11 12:03:29.807] [INFO] SteamCMD: Waiting for user info...OK
[2025-01-11 12:03:32.702] [INFO] SteamCMD: Downloading item 3378285185 ...
[2025-01-11 12:03:35.939] [INFO] SteamCMD: Success. Downloaded item 3378285185 to "A:\steamcmd\steamapps\workshop\content\108600\3378285185" (293564 bytes) Downloading item 3171167894 ...
[2025-01-11 12:03:35.942] [INFO] SteamCMD: Success. Downloaded item 3171167894 to "A:\steamcmd\steamapps\workshop\content\108600\3171167894" (21005521 bytes) @ShutdownOnFailedCommand 0
[2025-01-11 12:03:35.945] [INFO] SteamCMD: "@ShutdownOnFailedCommand" = "0"
[2025-01-11 12:03:35.947] [INFO] SteamCMD: @NoPromptForPassword 1
[2025-01-11 12:03:35.949] [INFO] SteamCMD: "@NoPromptForPassword" = "1"
[2025-01-11 12:03:35.951] [INFO] SteamCMD: force_install_dir ./
[2025-01-11 12:03:35.953] [INFO] SteamCMD: Please set the game install path to something other than the Steam install folder
[2025-01-11 12:03:35.955] [INFO] SteamCMD: bVerifyAllDownloads 1
[2025-01-11 12:03:35.959] [INFO] SteamCMD: "bVerifyAllDownloads" = "1"
[2025-01-11 12:03:35.961] [INFO] SteamCMD: workshop_download_item 108600 3378285185
[2025-01-11 12:03:35.963] [INFO] SteamCMD: workshop_download_item 108600 3171167894
[2025-01-11 12:03:35.963] [INFO] Skipping existing mod 2699828474
[2025-01-11 12:03:35.965] [INFO] Processing mod 3171167894...
[2025-01-11 12:03:36.391] [INFO] Mod 3171167894 installed successfully
[2025-01-11 12:03:36.394] [INFO] Processing mod 3378285185...
[2025-01-11 12:03:36.480] [INFO] Mod 3378285185 installed successfully
[2025-01-11 12:03:36.483] [INFO] Skipping existing mod 3381815115
