[2025-01-04 18:36:18.714] [INFO] Starting SteamCMD...
[2025-01-04 18:36:19.742] [INFO] SteamCMD: Steam Console Client (c) Valve Corporation - version 1733269577
[2025-01-04 18:36:19.745] [INFO] SteamCMD: -- type 'quit' to exit --
[2025-01-04 18:36:19.746] [INFO] SteamCMD: Loading Steam API...OK
[2025-01-04 18:36:22.961] [INFO] SteamCMD: Connecting anonymously to Steam Public...OK
[2025-01-04 18:36:22.963] [INFO] SteamCMD: Waiting for client config...OK
[2025-01-04 18:36:22.987] [INFO] SteamCMD: Waiting for user info...OK
[2025-01-04 18:36:25.237] [INFO] SteamCMD: Downloading item 2699828474 ...
[2025-01-04 18:36:26.897] [INFO] SteamCMD: Success. Downloaded item 2699828474 to "A:\steamcmd\steamapps\workshop\content\108600\2699828474" (572455 bytes) Downloading item 3381815115 ...
[2025-01-04 18:36:26.899] [INFO] SteamCMD: Success. Downloaded item 3381815115 to "A:\steamcmd\steamapps\workshop\content\108600\3381815115" (1676229 bytes) @ShutdownOnFailedCommand 0
[2025-01-04 18:36:26.901] [INFO] SteamCMD: "@ShutdownOnFailedCommand" = "0"
[2025-01-04 18:36:26.903] [INFO] SteamCMD: @NoPromptForPassword 1
[2025-01-04 18:36:26.905] [INFO] SteamCMD: "@NoPromptForPassword" = "1"
[2025-01-04 18:36:26.907] [INFO] SteamCMD: force_install_dir ./
[2025-01-04 18:36:26.909] [INFO] SteamCMD: Please set the game install path to something other than the Steam install folder
[2025-01-04 18:36:26.912] [INFO] SteamCMD: bVerifyAllDownloads 1
[2025-01-04 18:36:26.916] [INFO] SteamCMD: "bVerifyAllDownloads" = "1"
[2025-01-04 18:36:26.918] [INFO] SteamCMD: workshop_download_item 108600 2699828474
[2025-01-04 18:36:26.920] [INFO] SteamCMD: workshop_download_item 108600 3381815115
[2025-01-04 18:36:26.923] [INFO] Processing mod 2699828474...
[2025-01-04 18:36:26.941] [INFO] Mod 2699828474 installed successfully
[2025-01-04 18:36:26.944] [INFO] Processing mod 3381815115...
[2025-01-04 18:36:26.968] [INFO] Mod 3381815115 installed successfully
[2025-01-04 18:36:26.971] [INFO] Cleaning up workshop files...
[2025-01-04 18:36:26.986] [INFO] Workshop content for game 108600 cleaned up successfully
