[2025-01-04 18:38:41.308] [INFO] Starting SteamCMD...
[2025-01-04 18:38:42.348] [INFO] SteamCMD: Steam Console Client (c) Valve Corporation - version 1733269577
[2025-01-04 18:38:42.350] [INFO] SteamCMD: -- type 'quit' to exit --
[2025-01-04 18:38:42.352] [INFO] SteamCMD: Loading Steam API...OK
[2025-01-04 18:38:44.820] [INFO] SteamCMD: Connecting anonymously to Steam Public...OK
[2025-01-04 18:38:44.823] [INFO] SteamCMD: Waiting for client config...OK
[2025-01-04 18:38:44.846] [INFO] SteamCMD: Waiting for user info...OK
[2025-01-04 18:38:47.091] [INFO] SteamCMD: Downloading item 2699828474 ...
[2025-01-04 18:38:48.592] [INFO] SteamCMD: Success. Downloaded item 2699828474 to "A:\steamcmd\steamapps\workshop\content\108600\2699828474" (572455 bytes) Downloading item 3381815115 ...
[2025-01-04 18:38:48.595] [INFO] SteamCMD: Success. Downloaded item 3381815115 to "A:\steamcmd\steamapps\workshop\content\108600\3381815115" (1676229 bytes) @ShutdownOnFailedCommand 0
[2025-01-04 18:38:48.598] [INFO] SteamCMD: "@ShutdownOnFailedCommand" = "0"
[2025-01-04 18:38:48.600] [INFO] SteamCMD: @NoPromptForPassword 1
[2025-01-04 18:38:48.602] [INFO] SteamCMD: "@NoPromptForPassword" = "1"
[2025-01-04 18:38:48.605] [INFO] SteamCMD: force_install_dir ./
[2025-01-04 18:38:48.608] [INFO] SteamCMD: Please set the game install path to something other than the Steam install folder
[2025-01-04 18:38:48.612] [INFO] SteamCMD: bVerifyAllDownloads 1
[2025-01-04 18:38:48.616] [INFO] SteamCMD: "bVerifyAllDownloads" = "1"
[2025-01-04 18:38:48.619] [INFO] Processing mod 2699828474...
[2025-01-04 18:38:48.635] [INFO] Mod 2699828474 installed successfully
[2025-01-04 18:38:48.639] [INFO] Processing mod 3381815115...
[2025-01-04 18:38:48.659] [INFO] Mod 3381815115 installed successfully
[2025-01-04 18:38:48.664] [INFO] Cleaning up workshop files...
[2025-01-04 18:38:48.681] [INFO] Workshop content for game 108600 cleaned up successfully
